<?xml version="1.0" encoding="UTF-8"?>
<!-- Generated by org.testng.reporters.JUnitXMLReporter -->
<testsuite ignored="0" hostname="DESKTOP-0CREKFO" failures="0" tests="1" name="Default test(failed)" time="0.13" errors="0" timestamp="2026-06-04T23:11:04 IST">
  <testcase classname="testBase.BaseClass" name="@BeforeClass setup" time="-1.780594864093E9">
    <failure type="org.testng.TestNGException" message="
Parameter &amp;apos;os&amp;apos; is required by BeforeClass on method setup but has not been marked @Optional or defined
in C:\Automation\SDET_OpenCart_230526\test-output\testng-failed.xml">
      <![CDATA[org.testng.TestNGException: 
Parameter 'os' is required by BeforeClass on method setup but has not been marked @Optional or defined
in C:\Automation\SDET_OpenCart_230526\test-output\testng-failed.xml
at java.base/java.util.ArrayList.forEach(ArrayList.java:1596)
... Removed 22 stack frames]]>
    </failure>
  </testcase> <!-- @BeforeClass setup -->
  <testcase classname="testBase.BaseClass" name="@AfterClass teardown" time="0.0">
    <skipped/>
  </testcase> <!-- @AfterClass teardown -->
  <testcase classname="testCases.TC002_LoginWithValidCreds" name="verify_validlogin" time="0.0">
    <skipped/>
  </testcase> <!-- verify_validlogin -->
</testsuite> <!-- Default test(failed) -->
