<?xml version="1.0" encoding="UTF-8"?>
<!-- Generated by org.testng.reporters.JUnitXMLReporter -->
<testsuite ignored="2" hostname="DESKTOP-0CREKFO" failures="0" tests="2" name="Test" time="13.714" errors="0" timestamp="2026-06-11T17:21:05 IST">
  <testcase classname="testCases.TC001_AccountRegistrationTest" name="verify_acc_registration" time="3.275"/>
  <testcase classname="testCases.TC002_LoginWithValidCreds" name="verify_validlogin" time="2.67"/>
  <testcase classname="testCases.TC003_loginUsing_configFileData" name="loginUsingConfigfiledetails" time="0.0">
    <ignored/>
  </testcase> <!-- loginUsingConfigfiledetails -->
  <testcase classname="testCases.TC004_LoginDDT" name="VerifyLogin_DDT" time="0.0">
    <ignored/>
  </testcase> <!-- VerifyLogin_DDT -->
</testsuite> <!-- Test -->
