<?xml version="1.0" encoding="UTF-8"?>
<!-- Generated by org.testng.reporters.JUnitXMLReporter -->
<testsuite ignored="0" hostname="DESKTOP-0CREKFO" failures="0" tests="4" name="Test1" time="44.448" errors="0" timestamp="2026-06-06T16:52:49 IST">
  <testcase classname="testCases.TC001_AccountRegistrationTest" name="verify_acc_registration" time="4.619"/>
  <testcase classname="testCases.TC002_LoginWithValidCreds" name="verify_validlogin" time="4.453"/>
  <testcase classname="testCases.TC003_loginUsing_configFileData" name="loginUsingConfigfiledetails" time="2.883"/>
  <testcase classname="testCases.TC004_LoginDDT" name="VerifyLogin_DDT" time="2.945"/>
</testsuite> <!-- Test1 -->
