<?xml version="1.0" encoding="UTF-8"?>
<testng-results ignored="2" total="4" passed="2" failed="0" skipped="0">
  <reporter-output>
  </reporter-output>
  <suite started-at="2026-06-06T17:36:12 IST" name="Suite" finished-at="2026-06-06T17:36:28 IST" duration-ms="16631">
    <groups>
      <group name="Master">
        <method signature="TC001_AccountRegistrationTest.verify_acc_registration()[pri:0, instance:testCases.TC001_AccountRegistrationTest@43c1b556]" name="verify_acc_registration" class="testCases.TC001_AccountRegistrationTest"/>
        <method signature="TC002_LoginWithValidCreds.verify_validlogin()[pri:0, instance:testCases.TC002_LoginWithValidCreds@c0c2f8d]" name="verify_validlogin" class="testCases.TC002_LoginWithValidCreds"/>
      </group> <!-- Master -->
      <group name="Sanity">
        <method signature="TC001_AccountRegistrationTest.verify_acc_registration()[pri:0, instance:testCases.TC001_AccountRegistrationTest@43c1b556]" name="verify_acc_registration" class="testCases.TC001_AccountRegistrationTest"/>
      </group> <!-- Sanity -->
      <group name="Regression">
        <method signature="TC001_AccountRegistrationTest.verify_acc_registration()[pri:0, instance:testCases.TC001_AccountRegistrationTest@43c1b556]" name="verify_acc_registration" class="testCases.TC001_AccountRegistrationTest"/>
        <method signature="TC002_LoginWithValidCreds.verify_validlogin()[pri:0, instance:testCases.TC002_LoginWithValidCreds@c0c2f8d]" name="verify_validlogin" class="testCases.TC002_LoginWithValidCreds"/>
      </group> <!-- Regression -->
    </groups>
    <test started-at="2026-06-06T17:36:12 IST" name="Test" finished-at="2026-06-06T17:36:28 IST" duration-ms="16631">
      <class name="testCases.TC001_AccountRegistrationTest">
        <test-method is-config="true" signature="setup(java.lang.String,java.lang.String)[pri:0, instance:testCases.TC001_AccountRegistrationTest@43c1b556]" started-at="2026-06-06T17:36:12 IST" name="setup" finished-at="2026-06-06T17:36:19 IST" duration-ms="7353" status="PASS">
          <params>
            <param index="0">
              <value>
                <![CDATA[Windows]]>
              </value>
            </param>
            <param index="1">
              <value>
                <![CDATA[chrome]]>
              </value>
            </param>
          </params>
          <reporter-output>
          </reporter-output>
        </test-method> <!-- setup -->
        <test-method signature="verify_acc_registration()[pri:0, instance:testCases.TC001_AccountRegistrationTest@43c1b556]" started-at="2026-06-06T17:36:20 IST" name="verify_acc_registration" finished-at="2026-06-06T17:36:23 IST" duration-ms="3072" status="PASS">
          <reporter-output>
          </reporter-output>
        </test-method> <!-- verify_acc_registration -->
        <test-method is-config="true" signature="teardown()[pri:0, instance:testCases.TC001_AccountRegistrationTest@43c1b556]" started-at="2026-06-06T17:36:23 IST" name="teardown" finished-at="2026-06-06T17:36:23 IST" duration-ms="280" status="PASS">
          <reporter-output>
          </reporter-output>
        </test-method> <!-- teardown -->
      </class> <!-- testCases.TC001_AccountRegistrationTest -->
      <class name="testCases.TC002_LoginWithValidCreds">
        <test-method is-config="true" signature="setup(java.lang.String,java.lang.String)[pri:0, instance:testCases.TC002_LoginWithValidCreds@c0c2f8d]" started-at="2026-06-06T17:36:23 IST" name="setup" finished-at="2026-06-06T17:36:25 IST" duration-ms="2044" status="PASS">
          <params>
            <param index="0">
              <value>
                <![CDATA[Windows]]>
              </value>
            </param>
            <param index="1">
              <value>
                <![CDATA[chrome]]>
              </value>
            </param>
          </params>
          <reporter-output>
          </reporter-output>
        </test-method> <!-- setup -->
        <test-method signature="verify_validlogin()[pri:0, instance:testCases.TC002_LoginWithValidCreds@c0c2f8d]" started-at="2026-06-06T17:36:25 IST" name="verify_validlogin" finished-at="2026-06-06T17:36:28 IST" duration-ms="3187" status="PASS">
          <reporter-output>
          </reporter-output>
        </test-method> <!-- verify_validlogin -->
        <test-method is-config="true" signature="teardown()[pri:0, instance:testCases.TC002_LoginWithValidCreds@c0c2f8d]" started-at="2026-06-06T17:36:28 IST" name="teardown" finished-at="2026-06-06T17:36:28 IST" duration-ms="315" status="PASS">
          <reporter-output>
          </reporter-output>
        </test-method> <!-- teardown -->
      </class> <!-- testCases.TC002_LoginWithValidCreds -->
    </test> <!-- Test -->
  </suite> <!-- Suite -->
</testng-results>
