<?xml version="1.0" encoding="UTF-8"?>
<testng-results ignored="0" total="1" passed="1" failed="0" skipped="0">
  <reporter-output>
  </reporter-output>
  <suite started-at="2026-06-11T18:50:38 IST" name="Suite" finished-at="2026-06-11T18:50:43 IST" duration-ms="5436">
    <groups>
      <group name="Sanity">
        <method signature="TC005_SearchItem.searchproduct()[pri:0, instance:testCases.TC005_SearchItem@1fa121e2]" name="searchproduct" class="testCases.TC005_SearchItem"/>
      </group> <!-- Sanity -->
    </groups>
    <test started-at="2026-06-11T18:50:38 IST" name="Searchitem" finished-at="2026-06-11T18:50:43 IST" duration-ms="5436">
      <class name="testCases.TC005_SearchItem">
        <test-method is-config="true" signature="setup(java.lang.String,java.lang.String)[pri:0, instance:testCases.TC005_SearchItem@1fa121e2]" started-at="2026-06-11T18:50:38 IST" name="setup" finished-at="2026-06-11T18:50:40 IST" duration-ms="2531" status="PASS">
          <params>
            <param index="0">
              <value>
                <![CDATA[Windows]]>
              </value>
            </param>
            <param index="1">
              <value>
                <![CDATA[chrome]]>
              </value>
            </param>
          </params>
          <reporter-output>
          </reporter-output>
        </test-method> <!-- setup -->
        <test-method signature="searchproduct()[pri:0, instance:testCases.TC005_SearchItem@1fa121e2]" started-at="2026-06-11T18:50:40 IST" name="searchproduct" finished-at="2026-06-11T18:50:43 IST" duration-ms="2536" status="PASS">
          <reporter-output>
          </reporter-output>
        </test-method> <!-- searchproduct -->
        <test-method is-config="true" signature="teardown()[pri:0, instance:testCases.TC005_SearchItem@1fa121e2]" started-at="2026-06-11T18:50:43 IST" name="teardown" finished-at="2026-06-11T18:50:43 IST" duration-ms="153" status="PASS">
          <reporter-output>
          </reporter-output>
        </test-method> <!-- teardown -->
      </class> <!-- testCases.TC005_SearchItem -->
    </test> <!-- Searchitem -->
  </suite> <!-- Suite -->
</testng-results>
